<?xml version="1.0" encoding="UTF-8"?>
<!-- Generated by org.testng.reporters.JUnitXMLReporter -->
<testsuite hostname="DESKTOP-34LU833" ignored="0" name="Command line test" tests="9" failures="0" timestamp="06 lut 2017 08:34:22 GMT" time="7.131" errors="0">
  <testcase name="countAllUsers" time="0.297" classname="com.warsztat.springhibernate.dao.UserDaoImplTest"/>
  <testcase name="deleteByPesel" time="0.067" classname="com.warsztat.springhibernate.dao.UserDaoImplTest"/>
  <testcase name="deleteUserByInvalidPesel" time="0.015" classname="com.warsztat.springhibernate.dao.UserDaoImplTest"/>
  <testcase name="findAllUsers" time="0.0" classname="com.warsztat.springhibernate.dao.UserDaoImplTest"/>
  <testcase name="findById" time="0.047" classname="com.warsztat.springhibernate.dao.UserDaoImplTest"/>
  <testcase name="findByPesel" time="0.031" classname="com.warsztat.springhibernate.dao.UserDaoImplTest"/>
  <testcase name="save" time="0.032" classname="com.warsztat.springhibernate.dao.UserDaoImplTest"/>
  <testcase name="searchByAction" time="0.032" classname="com.warsztat.springhibernate.dao.UserDaoImplTest"/>
  <testcase name="searchByLastName" time="0.016" classname="com.warsztat.springhibernate.dao.UserDaoImplTest"/>
</testsuite> <!-- Command line test -->
