<?xml version="1.0" encoding="UTF-8"?>
<!-- Generated by org.testng.reporters.JUnitXMLReporter -->
<testsuite hostname="DESKTOP-34LU833" ignored="0" name="Command line test" tests="32" failures="0" timestamp="06 lut 2017 04:04:18 GMT" time="3.273" errors="0">
  <testcase name="deleteUser" time="0.009" classname="com.warsztat.springhibernate.controller.AppControllerTest"/>
  <testcase name="editUser" time="0.027" classname="com.warsztat.springhibernate.controller.AppControllerTest"/>
  <testcase name="initializeActions" time="0.001" classname="com.warsztat.springhibernate.controller.AppControllerTest"/>
  <testcase name="listUsers" time="0.011" classname="com.warsztat.springhibernate.controller.AppControllerTest"/>
  <testcase name="newUser" time="0.001" classname="com.warsztat.springhibernate.controller.AppControllerTest"/>
  <testcase name="saveUserWithSuccess" time="0.001" classname="com.warsztat.springhibernate.controller.AppControllerTest"/>
  <testcase name="saveUserWithValidationError" time="0.001" classname="com.warsztat.springhibernate.controller.AppControllerTest"/>
  <testcase name="saveUserWithValidationErrorNonUniquePesel" time="0.002" classname="com.warsztat.springhibernate.controller.AppControllerTest"/>
  <testcase name="updateUserWithSuccess" time="0.001" classname="com.warsztat.springhibernate.controller.AppControllerTest"/>
  <testcase name="updateUserWithValidationError" time="0.001" classname="com.warsztat.springhibernate.controller.AppControllerTest"/>
  <testcase name="updateUserWithValidationErrorNonUniquePesel" time="0.001" classname="com.warsztat.springhibernate.controller.AppControllerTest"/>
  <testcase name="deleteByPesel" time="0.163" classname="com.warsztat.springhibernate.dao.UserDaoImplTest"/>
  <testcase name="deleteUserByInvalidPesel" time="0.012" classname="com.warsztat.springhibernate.dao.UserDaoImplTest"/>
  <testcase name="findAllUsers" time="0.003" classname="com.warsztat.springhibernate.dao.UserDaoImplTest"/>
  <testcase name="findById" time="0.025" classname="com.warsztat.springhibernate.dao.UserDaoImplTest"/>
  <testcase name="findByPesel" time="0.013" classname="com.warsztat.springhibernate.dao.UserDaoImplTest"/>
  <testcase name="save" time="0.021" classname="com.warsztat.springhibernate.dao.UserDaoImplTest"/>
  <testcase name="searchByAction" time="0.026" classname="com.warsztat.springhibernate.dao.UserDaoImplTest"/>
  <testcase name="searchByLastName" time="0.024" classname="com.warsztat.springhibernate.dao.UserDaoImplTest"/>
  <testcase name="findAll" time="0.006" classname="com.warsztat.springhibernate.dao.ActionDaoImplTest"/>
  <testcase name="findById" time="0.005" classname="com.warsztat.springhibernate.dao.ActionDaoImplTest"/>
  <testcase name="findByType" time="0.01" classname="com.warsztat.springhibernate.dao.ActionDaoImplTest"/>
  <testcase name="findAll" time="0.001" classname="com.warsztat.springhibernate.service.ActionServiceImplTest"/>
  <testcase name="findById" time="0.0" classname="com.warsztat.springhibernate.service.ActionServiceImplTest"/>
  <testcase name="findByType" time="0.0" classname="com.warsztat.springhibernate.service.ActionServiceImplTest"/>
  <testcase name="deleteUserByPesel" time="0.001" classname="com.warsztat.springhibernate.service.UserServiceImplTest"/>
  <testcase name="findAllUsers" time="0.001" classname="com.warsztat.springhibernate.service.UserServiceImplTest"/>
  <testcase name="findById" time="0.0" classname="com.warsztat.springhibernate.service.UserServiceImplTest"/>
  <testcase name="findByPesel" time="0.0" classname="com.warsztat.springhibernate.service.UserServiceImplTest"/>
  <testcase name="isUserPeselUnique" time="0.0" classname="com.warsztat.springhibernate.service.UserServiceImplTest"/>
  <testcase name="saveUser" time="0.001" classname="com.warsztat.springhibernate.service.UserServiceImplTest"/>
  <testcase name="updateUser" time="0.001" classname="com.warsztat.springhibernate.service.UserServiceImplTest"/>
</testsuite> <!-- Command line test -->
