<?xml version="1.0" encoding="UTF-8" ?>
<testsuite tests="32" failures="0" name="TestSuite" time="0.392" errors="0" skipped="0">
  <properties>
[...]
</properties>
  <testcase classname="com.warsztat.springhibernate.controller.AppControllerTest" name="deleteUser" time="0.011"/>
  <testcase classname="com.warsztat.springhibernate.controller.AppControllerTest" name="editUser" time="0.026"/>
  <testcase classname="com.warsztat.springhibernate.controller.AppControllerTest" name="initializeActions" time="0.003"/>
  <testcase classname="com.warsztat.springhibernate.controller.AppControllerTest" name="listUsers" time="0.011"/>
  <testcase classname="com.warsztat.springhibernate.controller.AppControllerTest" name="newUser" time="0.001"/>
  <testcase classname="com.warsztat.springhibernate.controller.AppControllerTest" name="saveUserWithSuccess" time="0.001"/>
  <testcase classname="com.warsztat.springhibernate.controller.AppControllerTest" name="saveUserWithValidationError" time="0"/>
  <testcase classname="com.warsztat.springhibernate.controller.AppControllerTest" name="saveUserWithValidationErrorNonUniquePesel" time="0.002"/>
  <testcase classname="com.warsztat.springhibernate.controller.AppControllerTest" name="updateUserWithSuccess" time="0"/>
  <testcase classname="com.warsztat.springhibernate.controller.AppControllerTest" name="updateUserWithValidationError" time="0.001"/>
  <testcase classname="com.warsztat.springhibernate.controller.AppControllerTest" name="updateUserWithValidationErrorNonUniquePesel" time="0.001"/>
  <testcase classname="com.warsztat.springhibernate.dao.UserDaoImplTest" name="deleteByPesel" time="0.166"/>
  <testcase classname="com.warsztat.springhibernate.dao.UserDaoImplTest" name="deleteUserByInvalidPesel" time="0.008"/>
  <testcase classname="com.warsztat.springhibernate.dao.UserDaoImplTest" name="findAllUsers" time="0.002"/>
  <testcase classname="com.warsztat.springhibernate.dao.UserDaoImplTest" name="findById" time="0.026"/>
  <testcase classname="com.warsztat.springhibernate.dao.UserDaoImplTest" name="findByPesel" time="0.016"/>
  <testcase classname="com.warsztat.springhibernate.dao.UserDaoImplTest" name="save" time="0.019"/>
  <testcase classname="com.warsztat.springhibernate.dao.UserDaoImplTest" name="searchByAction" time="0.025"/>
  <testcase classname="com.warsztat.springhibernate.dao.UserDaoImplTest" name="searchByLastName" time="0.041"/>
  <testcase classname="com.warsztat.springhibernate.dao.ActionDaoImplTest" name="findAll" time="0.004"/>
  <testcase classname="com.warsztat.springhibernate.dao.ActionDaoImplTest" name="findById" time="0.005"/>
  <testcase classname="com.warsztat.springhibernate.dao.ActionDaoImplTest" name="findByType" time="0.021"/>
  <testcase classname="com.warsztat.springhibernate.service.ActionServiceImplTest" name="findAll" time="0.001"/>
  <testcase classname="com.warsztat.springhibernate.service.ActionServiceImplTest" name="findById" time="0"/>
  <testcase classname="com.warsztat.springhibernate.service.ActionServiceImplTest" name="findByType" time="0"/>
  <testcase classname="com.warsztat.springhibernate.service.UserServiceImplTest" name="deleteUserByPesel" time="0"/>
  <testcase classname="com.warsztat.springhibernate.service.UserServiceImplTest" name="findAllUsers" time="0.001"/>
  <testcase classname="com.warsztat.springhibernate.service.UserServiceImplTest" name="findById" time="0"/>
  <testcase classname="com.warsztat.springhibernate.service.UserServiceImplTest" name="findByPesel" time="0"/>
  <testcase classname="com.warsztat.springhibernate.service.UserServiceImplTest" name="isUserPeselUnique" time="0"/>
  <testcase classname="com.warsztat.springhibernate.service.UserServiceImplTest" name="saveUser" time="0"/>
  <testcase classname="com.warsztat.springhibernate.service.UserServiceImplTest" name="updateUser" time="0"/>
</testsuite>